데이터 로딩...
  2554일치 로드 완료
롤링 예측 중 (2189일)...
  진행: 0/2189
  진행: 100/2189
  진행: 200/2189
  진행: 300/2189
  진행: 400/2189
  진행: 500/2189
  진행: 600/2189
  진행: 700/2189
  진행: 800/2189
  진행: 900/2189
  진행: 1000/2189
  진행: 1100/2189
  진행: 1200/2189
  진행: 1300/2189
  진행: 1400/2189
  진행: 1500/2189
  진행: 1600/2189
  진행: 1700/2189
  진행: 1800/2189
  진행: 1900/2189
  진행: 2000/2189
  진행: 2100/2189

예측 정확도 (MSE vs 실현변동성):
  Historical Vol: 0.1152
  GARCH(1,1):     0.9835
  GJR-GARCH:      1.1984

크래시 전 변동성 추세:

  [2018 Bull Crash]
    크래시 당일 예측 vol: 6.3737%
    사전 60일 Kendall tau=0.000 p=1.0000 [NO TREND]

  [2020 COVID Crash]
    크래시 당일 예측 vol: 3.7839%
    사전 60일 Kendall tau=0.034 p=0.7020 [NO TREND]

  [2022 FTX Collapse]
    크래시 당일 예측 vol: 3.0253%
    사전 60일 Kendall tau=-0.662 p=0.0000 [NO TREND]

그래프 저장: garch_validation_v1.png

============================================================
GARCH 검증 v1 -- 최종 판정
============================================================
예측 정확도: GARCH MSE=0.9835 vs HV=0.1152 (HV 우위)
크래시 전 상승 추세: 0/3
  2018 Bull Crash        tau=+0.000 p=1.0000 [NULL]
  2020 COVID Crash       tau=+0.034 p=0.7020 [NULL]
  2022 FTX Collapse      tau=-0.662 p=0.0000 [NULL]

판정: NULL -- GARCH 예측력 없음
============================================================
