TDA 검증 실험 v1 시작
=================================================================
데이터 로딩 중...
  로드 완료: 2243일치, 2017-11-09 ~ 2023-12-30
TDA 시계열 계산 중 (총 2212개 윈도우)...
  진행: 0/2212 (0.0%)
  진행: 100/2212 (4.5%)
  진행: 200/2212 (9.0%)
  진행: 300/2212 (13.6%)
  진행: 400/2212 (18.1%)
  진행: 500/2212 (22.6%)
  진행: 600/2212 (27.1%)
  진행: 700/2212 (31.6%)
  진행: 800/2212 (36.2%)
  진행: 900/2212 (40.7%)
  진행: 1000/2212 (45.2%)
  진행: 1100/2212 (49.7%)
  진행: 1200/2212 (54.2%)
  진행: 1300/2212 (58.8%)
  진행: 1400/2212 (63.3%)
  진행: 1500/2212 (67.8%)
  진행: 1600/2212 (72.3%)
  진행: 1700/2212 (76.9%)
  진행: 1800/2212 (81.4%)
  진행: 1900/2212 (85.9%)
  진행: 2000/2212 (90.4%)
  진행: 2100/2212 (94.9%)
  진행: 2200/2212 (99.5%)

TDA 시계열 완성: 2212개 데이터포인트
L1-norm 범위: 24.7475 ~ 31.1863

통계 검증 중...

  [2018 Bull Crash]
    분석 구간: 2016-09-15 ~ 2018-01-08 (n=29)
    L1 평균: 사전=25.1132, 사후=24.9148
    Kendall's tau = -0.2425, p = 0.0731 [NO TREND]
    Mann-Whitney p = 0.0137 [PRE>POST]

  [2020 COVID Crash]
    분석 구간: 2018-11-18 ~ 2020-03-12 (n=480)
    L1 평균: 사전=26.0097, 사후=25.5626
    Kendall's tau = -0.0188, p = 0.5396 [NO TREND]
    Mann-Whitney p = 0.0055 [PRE>POST]

  [2022 FTX Collapse]
    분석 구간: 2021-07-16 ~ 2022-11-08 (n=480)
    L1 평균: 사전=26.1747, 사후=25.6087
    Kendall's tau = -0.1061, p = 0.0005 [NO TREND]
    Mann-Whitney p = 0.0152 [PRE>POST]
